2025-12-27 08:03:00 | INFO | repo=arquillian-phantom-binary | action=commit
2025-10-28 12:25:00 | DEBUG | repo=arquillian-phantom-binary | action=commit
2025-10-18 16:10:00 | WARN | repo=arquillian-phantom-binary | action=commit
2025-12-24 11:14:00 | DEBUG | repo=arquillian-phantom-binary | action=commit
2025-03-06 07:38:00 | WARN | repo=arquillian-phantom-binary | action=edit | files=5
2025-08-23 09:49:00 | WARN | repo=arquillian-phantom-binary | action=commit
2025-08-24 20:03:00 | DEBUG | repo=arquillian-phantom-binary | action=edit | files=4
2025-07-01 21:51:00 | DEBUG | repo=arquillian-phantom-binary | action=commit
2025-02-02 11:13:00 | WARN | repo=arquillian-phantom-binary | action=test | passed=true
2025-08-03 07:43:00 | DEBUG | repo=arquillian-phantom-binary | action=commit
2025-08-25 11:12:00 | INFO | repo=arquillian-phantom-binary | action=edit | files=1
2025-08-11 07:44:00 | WARN | repo=arquillian-phantom-binary | action=edit | files=3
2025-10-09 15:34:00 | INFO | repo=arquillian-phantom-binary | action=commit
2025-05-28 11:12:00 | DEBUG | repo=arquillian-phantom-binary | action=edit | files=2
2025-04-04 21:19:00 | INFO | repo=arquillian-phantom-binary | action=commit
2025-01-19 20:15:00 | WARN | repo=arquillian-phantom-binary | action=edit | files=1
2025-09-25 19:12:00 | WARN | repo=arquillian-phantom-binary | action=edit | files=1
2025-07-15 19:52:00 | INFO | repo=arquillian-phantom-binary | action=commit
2025-02-19 17:48:00 | DEBUG | repo=arquillian-phantom-binary | action=commit
2025-06-13 17:10:00 | WARN | repo=arquillian-phantom-binary | action=test | passed=true
2025-05-23 12:19:00 | DEBUG | repo=arquillian-phantom-binary | action=edit | files=1
2025-05-05 18:17:00 | INFO | repo=arquillian-phantom-binary | action=commit
2025-08-16 08:40:00 | DEBUG | repo=arquillian-phantom-binary | action=commit
